0 info it worked if it ends with ok
1 verbose cli [ '/Users/genesis/.nvm/v0.10.32/bin/node',
1 verbose cli   '/Users/genesis/.nvm/v0.10.32/bin/npm',
1 verbose cli   'install',
1 verbose cli   'socketio' ]
2 info using npm@1.4.28
3 info using node@v0.10.32
4 verbose cache add [ 'socketio', null ]
5 verbose cache add name=undefined spec="socketio" args=["socketio",null]
6 verbose parsed url { protocol: null,
6 verbose parsed url   slashes: null,
6 verbose parsed url   auth: null,
6 verbose parsed url   host: null,
6 verbose parsed url   port: null,
6 verbose parsed url   hostname: null,
6 verbose parsed url   hash: null,
6 verbose parsed url   search: null,
6 verbose parsed url   query: null,
6 verbose parsed url   pathname: 'socketio',
6 verbose parsed url   path: 'socketio',
6 verbose parsed url   href: 'socketio' }
7 silly lockFile be461470-socketio socketio
8 verbose lock socketio /Users/genesis/.npm/be461470-socketio.lock
9 silly lockFile be461470-socketio socketio
10 silly lockFile be461470-socketio socketio
11 verbose addNamed [ 'socketio', '' ]
12 verbose addNamed [ null, '*' ]
13 silly lockFile fa004f70-socketio socketio@
14 verbose lock socketio@ /Users/genesis/.npm/fa004f70-socketio.lock
15 silly addNameRange { name: 'socketio', range: '*', hasData: false }
16 verbose request where is /socketio
17 verbose request registry https://registry.npmjs.org/
18 verbose request id 23057eb4f4f5702f
19 verbose url raw /socketio
20 verbose url resolving [ 'https://registry.npmjs.org/', './socketio' ]
21 verbose url resolved https://registry.npmjs.org/socketio
22 verbose request where is https://registry.npmjs.org/socketio
23 info trying registry request attempt 1 at 16:03:57
24 http GET https://registry.npmjs.org/socketio
25 http 404 https://registry.npmjs.org/socketio
26 verbose headers { date: 'Wed, 29 Oct 2014 21:03:59 GMT',
26 verbose headers   server: 'CouchDB/1.5.0 (Erlang OTP/R16B03)',
26 verbose headers   'content-type': 'application/json',
26 verbose headers   'cache-control': 'max-age=0',
26 verbose headers   'content-length': '52',
26 verbose headers   'accept-ranges': 'bytes',
26 verbose headers   via: '1.1 varnish',
26 verbose headers   age: '0',
26 verbose headers   'x-served-by': 'cache-iad2120-IAD',
26 verbose headers   'x-cache': 'MISS',
26 verbose headers   'x-cache-hits': '0',
26 verbose headers   'x-timer': 'S1414616639.629591,VS0,VE352',
26 verbose headers   'keep-alive': 'timeout=10, max=50',
26 verbose headers   connection: 'Keep-Alive' }
27 silly registry.get cb [ 404,
27 silly registry.get   { date: 'Wed, 29 Oct 2014 21:03:59 GMT',
27 silly registry.get     server: 'CouchDB/1.5.0 (Erlang OTP/R16B03)',
27 silly registry.get     'content-type': 'application/json',
27 silly registry.get     'cache-control': 'max-age=0',
27 silly registry.get     'content-length': '52',
27 silly registry.get     'accept-ranges': 'bytes',
27 silly registry.get     via: '1.1 varnish',
27 silly registry.get     age: '0',
27 silly registry.get     'x-served-by': 'cache-iad2120-IAD',
27 silly registry.get     'x-cache': 'MISS',
27 silly registry.get     'x-cache-hits': '0',
27 silly registry.get     'x-timer': 'S1414616639.629591,VS0,VE352',
27 silly registry.get     'keep-alive': 'timeout=10, max=50',
27 silly registry.get     connection: 'Keep-Alive' } ]
28 silly lockFile fa004f70-socketio socketio@
29 silly lockFile fa004f70-socketio socketio@
30 error 404 404 Not Found: socketio
30 error 404
30 error 404 'socketio' is not in the npm registry.
30 error 404 You should bug the author to publish it
30 error 404
30 error 404 Note that you can also install from a
30 error 404 tarball, folder, or http url, or git url.
31 error System Darwin 13.4.0
32 error command "/Users/genesis/.nvm/v0.10.32/bin/node" "/Users/genesis/.nvm/v0.10.32/bin/npm" "install" "socketio"
33 error cwd /Users/genesis/Documents/Proyectos/pizarra/servidor
34 error node -v v0.10.32
35 error npm -v 1.4.28
36 error code E404
37 verbose exit [ 1, true ]
